C51 COMPILER V9.51   BMP                                                                   06/27/2016 11:36:09 PAGE 1   


C51 COMPILER V9.51, COMPILATION OF MODULE BMP
OBJECT MODULE PLACED IN bmp.OBJ
COMPILER INVOKED BY: C:\Keil\C51\BIN\C51.EXE bmp.c COMPACT BROWSE DEBUG OBJECTEXTEND TABS(2)

line level    source

   1          #include <stc12c56.h>
   2          #include "bmp.h"
   3          #include "lcd12864.h"
   4          #include "bmp_model.h"
   5          /**************************************/
   6          /*显示电量*/
   7          
   8          //void show_Poweron()
   9          //{
  10          //  LCD_clear();
  11          //  LCD_write2(30,1,dianyuan_on,60);  //显示“电源ON”  
  12          //  LCD_write2(7,4,ceding,112);     //显示“y定を安定させるために”
  13          //  LCD_write1(7,6,ceding2,112);    //显示“30秒ほどお待ちください”
  14          //}
  15          /*void dis_ak()
  16          {
  17          LCD_writek(0,0,AK,8);
  18          }
  19          void dis_bk()
  20          {
  21          LCD_writek(0,0,BK,8);
  22          }
  23          
  24          void dis_counter_zong()
  25          {
  26            //LCD_write1(100,2,zong,1);
  27          }*/
  28          /*
  29          void dis_counter_heng()
  30          {
  31            LCD_write3(11,2,heng100,89);
  32            LCD_write3(11,3,heng80,89);
  33            LCD_write3(11,5,heng60,89);
  34            LCD_write3(11,6,heng40,89);
  35          }
  36          */   
  37          
  38          
  39          /*-----------------------------------------------------------------------
  40          digit_M: 空气质量程度表示   <03.1>
  41          输入参数：ulong uSvhr
  42          返回值  ：无 
  43          最后修改日期：2011-11-19   
  44          修改人  ：skyman
  45          作用  ：显示输入参数的值，显示位置：(X_uSvhr[],2)
  46          ----------------------------------------------------------------------*/
  47          /*void dis_counter_uSvhr(dis_V)
  48          {
  49            uchar temp,i,k,b;
  50                
  51              for(i = 0; i < 3; i++)
  52            {
  53              temp = dis_V % 10;
  54              LCD_digit_M(X_fenshu[i],0,temp+'0');
  55              dis_V=dis_V/10;
C51 COMPILER V9.51   BMP                                                                   06/27/2016 11:36:09 PAGE 2   

  56            }
  57          
  58                    
  59          }*/
  60          /*void dis_counter_uSvhr2(dis_V)
  61          {
  62            uchar temp,i,k,b;
  63                
  64              for(i = 0; i < 3; i++)
  65            {
  66              temp = dis_V % 10;
  67              LCD_digit_M(X_fenshu[i],2,temp+'0');
  68              dis_V=dis_V/10;
  69            }
  70          
  71                    
  72          }
  73          void dis_counter_uSvhr3(dis_V)
  74          {
  75            uchar temp,i,k,b;
  76                
  77              for(i = 0; i < 3; i++)
  78            {
  79              temp = dis_V % 10;
  80              LCD_digit_M(X_fenshu[i],4,temp+'0');
  81              dis_V=dis_V/10;
  82            }
  83          
  84          }
  85          void dis_counter_uSvhr4(dis_V)
  86          {
  87            uchar temp,i,k,b;
  88                
  89              for(i = 0; i < 3; i++)
  90            {
  91              temp = dis_V % 10;
  92              LCD_digit_M(X_fenshu[i],6,temp+'0');
  93              dis_V=dis_V/10;
  94            }
  95          
  96          }
  97          void dis_counter_uSvhr5(dis_V)
  98          {
  99            uchar temp,i,k,b;
 100                
 101              for(i = 0; i < 3; i++)
 102            {
 103              temp = dis_V % 10;
 104              LCD_digit_M(X_fenshu2[i],6,temp+'0');
 105              dis_V=dis_V/10;
 106            }
 107          
 108          }
 109          void dis_data_led(dis_V)
 110          {
 111            uchar temp,i,k,b;
 112                
 113              for(i = 0; i < 5; i++)
 114            {
 115              temp = dis_V % 10;
 116              LCD_digit_M(X_fenshu3[i],2,temp+'0');
 117              dis_V=dis_V/10;
C51 COMPILER V9.51   BMP                                                                   06/27/2016 11:36:09 PAGE 3   

 118            }
 119          
 120          }*/


MODULE INFORMATION:   STATIC OVERLAYABLE
   CODE SIZE        =   ----    ----
   CONSTANT SIZE    =   ----    ----
   XDATA SIZE       =   ----    ----
   PDATA SIZE       =   ----    ----
   DATA SIZE        =   ----    ----
   IDATA SIZE       =   ----    ----
   BIT SIZE         =   ----    ----
END OF MODULE INFORMATION.


C51 COMPILATION COMPLETE.  0 WARNING(S),  0 ERROR(S)
