C51 COMPILER V8.12   51UART                                                                03/25/2010 23:20:33 PAGE 1   


C51 COMPILER V8.12, COMPILATION OF MODULE 51UART
OBJECT MODULE PLACED IN 51uart.OBJ
COMPILER INVOKED BY: d:\Keil\C51\BIN\C51.EXE 51uart.c BROWSE DEBUG OBJECTEXTEND

line level    source

   1          #include <REG52.H>
   2          
   3          #define  uchar unsigned char
   4          #define  uint  unsigned int
   5          sbit D1=P1^0;
   6          sbit D2=P1^1;
   7          sbit D3=P1^2;
   8          sbit D4=P1^3;
   9          sbit D5=P1^4;
  10          sbit D6=P1^5;
  11          sbit D7=P1^6;  
  12          void light(uchar d)     ;
  13          void delay(uint ms)
  14          {
  15   1              uint i,j;
  16   1              for(i=0;i<ms;i++)
  17   1                 {
  18   2                 for(j=0;j<1141;j++);
  19   2             }
  20   1      }
  21          void init_uart(void)
  22          {
  23   1       SCON=0x50;
  24   1       PCON=0x00;
  25   1       ES=1;
  26   1       TMOD=0x21;
  27   1       TL1=0xFD;
  28   1       TH1=0xFD;
  29   1       TR1=1;
  30   1       EA=1;
  31   1       }
  32           
  33           void send(unsigned char text)
  34           {
  35   1        ES=0;
  36   1        SBUF=text;
  37   1        while(!TI);
  38   1        TI=0;
  39   1        ES=1;
  40   1        }
  41          
  42          void receive() interrupt 4       using 3
  43          { unsigned char temp;
  44   1        RI=0;
  45   1        temp=SBUF;
  46   1        light(temp);
  47   1      }
  48          
  49          void light(uchar d)
  50          {
  51   1       switch(d)
  52   1       {
  53   2        case 0x01:D1=!D1;break;
  54   2        case 0x02:D2=!D2;break;
  55   2        case 0x03:D3=!D3;break;
C51 COMPILER V8.12   51UART                                                                03/25/2010 23:20:33 PAGE 2   

  56   2        case 0x04:D4=!D4;break;
  57   2        case 0x05:D5=!D5;break;
  58   2        case 0x06:D6=!D6;break;
  59   2        case 0x07:D7=!D7;break;
  60   2       }
  61   1      }
  62          
  63          
  64          uchar key_press()
  65          {
  66   1          uchar j,k;
  67   1          P0=0xFF;
  68   1              P2=0xFF;
  69   1              
  70   1              j=P0;
  71   1          k=P2&0x7F;
  72   1              if(j==0XFF&&k==0x7F)
  73   1              {
  74   2                return 0;
  75   2              }
  76   1              else
  77   1              {
  78   2               return 1;
  79   2              }
  80   1              
  81   1      }
  82          
  83          void key_scan()
  84          {
  85   1          uchar key0,key2,key;
  86   1          delay(10);
  87   1              if(key_press())
  88   1              {
  89   2              key0=P0;
  90   2              key2=P2;
  91   2              key2&=0x7F;
  92   2                if(key0!=0xff)
  93   2            {
  94   3                switch(key0)
  95   3                    {  
  96   4                                 case 0xfe:send(0x01);break;   //1111   1110
  97   4                         case 0xfd:send(0x02);break;    //1111 1101
  98   4                         case 0xfb:send(0x03);break;      //  *1111 1011
  99   4                         case 0xf7:send(0x04);break;       //   *   1111 0111
 100   4                         case 0xef:send(0x05);break;                  //*1110 1111
 101   4                         case 0xdf:send(0x06);break;                  //*1101 1111
 102   4                         case 0xbf:send(0x07);break;                  //1011 1111
 103   4                         case 0x7f:send(0x08);break;                  //0111 1111
 104   4                         default: key=0xff;   
 105   4                                 }
 106   3                      }
 107   2            if(key2!=0x7F)
 108   2             {                 
 109   3                     switch(key2)
 110   3                       {
 111   4                        case 0x7e:send(0x15);break;   //1111   1110
 112   4                        case 0x7d:send(0x14);break;    //1111 1101
 113   4                        case 0x7b:send(0x13);break;      //  *1111 1011
 114   4                        case 0x77:send(0x12);break;       //   *   1111 0111
 115   4                        case 0x6F:send(0x11);break;                   //*1110 1111
 116   4                        case 0x5F:send(0x10);break;                   //*1101 1111
 117   4                        case 0x3F:send(0x09);break;                   //1011 1111
C51 COMPILER V8.12   51UART                                                                03/25/2010 23:20:33 PAGE 3   

 118   4                        default:key=0xff;
 119   4                      }         
 120   3              }
 121   2                while(key_press());
 122   2              }
 123   1              else
 124   1              {
 125   2                key=0xff;
 126   2              }
 127   1              }
 128          void main()
 129          {
 130   1       init_uart();
 131   1       while(1)
 132   1       {       send(0x00);
 133   2           /*
 134   2               if(key_press())
 135   2               {
 136   2                key_scan();
 137   2                }
 138   2                 */
 139   2                }
 140   1       
 141   1       
 142   1       }
 143               


MODULE INFORMATION:   STATIC OVERLAYABLE
   CODE SIZE        =    374    ----
   CONSTANT SIZE    =   ----    ----
   XDATA SIZE       =   ----    ----
   PDATA SIZE       =   ----    ----
   DATA SIZE        =   ----       2
   IDATA SIZE       =   ----    ----
   BIT SIZE         =   ----    ----
END OF MODULE INFORMATION.


C51 COMPILATION COMPLETE.  0 WARNING(S),  0 ERROR(S)
